<?xml version="1.0" encoding="UTF-8"?>
<!-- Generated by org.testng.reporters.JUnitReportReporter -->
<testsuite skipped="0" hostname="PC" name="apiTest.Truekey" tests="1" failures="0" timestamp="01 Nov 2020 09:47:19 GMT" time="2.848" errors="0">
  <testcase name="githubDetails" time="2.848" classname="apiTest.Truekey"/>
</testsuite> <!-- apiTest.Truekey -->
